<?xml version="1.0" encoding="UTF-8"?>
<testsuite xmlns:xsi="http://www.w3.org/2001/XMLSchema-instance" xsi:noNamespaceSchemaLocation="https://maven.apache.org/surefire/maven-surefire-plugin/xsd/surefire-test-report-3.0.xsd" version="3.0" name="exampleproject.spriteAndBoundaryTest" time="0.005" tests="5" errors="0" skipped="0" failures="0">
  <properties>
[...]
</properties>
  <testcase name="testBoundarySize" classname="exampleproject.spriteAndBoundaryTest" time="0.001"/>
  <testcase name="testCollision" classname="exampleproject.spriteAndBoundaryTest" time="0"/>
  <testcase name="testTeleport" classname="exampleproject.spriteAndBoundaryTest" time="0.001"/>
  <testcase name="testBoundaryPosition" classname="exampleproject.spriteAndBoundaryTest" time="0"/>
  <testcase name="testSetPosition" classname="exampleproject.spriteAndBoundaryTest" time="0.001"/>
</testsuite>